<?xml version="1.0" encoding="UTF-8"?>
<testng-results ignored="0" total="2" passed="2" failed="0" skipped="0">
  <reporter-output>
  </reporter-output>
  <suite started-at="2021-04-23T13:07:37 IST" name="Default suite" finished-at="2021-04-23T13:07:45 IST" duration-ms="8096">
    <groups>
      <group name="group2">
        <method signature="AccountFailurePage.setup()[pri:0, instance:com.opencart.pages.AccountFailurePage@39529185]" name="setup" class="com.opencart.pages.AccountFailurePage"/>
        <method signature="AccountFailurePage.userLogin()[pri:1, instance:com.opencart.pages.AccountFailurePage@39529185]" name="userLogin" class="com.opencart.pages.AccountFailurePage"/>
      </group> <!-- group2 -->
      <group name="group1">
        <method signature="AccountFailurePage.setup()[pri:0, instance:com.opencart.pages.AccountFailurePage@39529185]" name="setup" class="com.opencart.pages.AccountFailurePage"/>
        <method signature="AccountFailurePage.userLogin()[pri:1, instance:com.opencart.pages.AccountFailurePage@39529185]" name="userLogin" class="com.opencart.pages.AccountFailurePage"/>
      </group> <!-- group1 -->
    </groups>
    <test started-at="2021-04-23T13:07:37 IST" name="Default test" finished-at="2021-04-23T13:07:45 IST" duration-ms="8096">
      <class name="com.opencart.pages.AccountFailurePage">
        <test-method is-config="true" signature="startTest()[pri:0, instance:com.opencart.pages.AccountFailurePage@39529185]" started-at="2021-04-23T13:07:37 IST" name="startTest" finished-at="2021-04-23T13:07:37 IST" duration-ms="115" status="PASS">
          <reporter-output>
          </reporter-output>
        </test-method> <!-- startTest -->
        <test-method signature="setup()[pri:0, instance:com.opencart.pages.AccountFailurePage@39529185]" started-at="2021-04-23T13:07:37 IST" name="setup" finished-at="2021-04-23T13:07:41 IST" duration-ms="3890" status="PASS">
          <reporter-output>
          </reporter-output>
        </test-method> <!-- setup -->
        <test-method signature="userLogin()[pri:1, instance:com.opencart.pages.AccountFailurePage@39529185]" started-at="2021-04-23T13:07:41 IST" name="userLogin" finished-at="2021-04-23T13:07:45 IST" duration-ms="4065" status="PASS">
          <reporter-output>
          </reporter-output>
        </test-method> <!-- userLogin -->
      </class> <!-- com.opencart.pages.AccountFailurePage -->
    </test> <!-- Default test -->
  </suite> <!-- Default suite -->
</testng-results>
