<?xml version="1.0" encoding="UTF-8"?>
<testng-results skipped="0" failed="0" ignored="0" total="1" passed="1">
  <reporter-output>
    <line>
      <![CDATA[Please fill all the details to create account..]]>
    </line>
  </reporter-output>
  <suite name="Default suite" duration-ms="27841" started-at="2021-04-20T17:36:35 IST" finished-at="2021-04-20T17:37:03 IST">
    <groups>
    </groups>
    <test name="Default test" duration-ms="27841" started-at="2021-04-20T17:36:35 IST" finished-at="2021-04-20T17:37:03 IST">
      <class name="com.opencart.tests.NegativeAccountTest">
        <test-method status="PASS" signature="initialization()[pri:0, instance:com.opencart.tests.NegativeAccountTest@371a67ec]" name="initialization" is-config="true" duration-ms="18108" started-at="2021-04-20T17:36:35 IST" finished-at="2021-04-20T17:36:54 IST">
          <reporter-output>
          </reporter-output>
        </test-method> <!-- initialization -->
        <test-method status="PASS" signature="createAccount()[pri:0, instance:com.opencart.tests.NegativeAccountTest@371a67ec]" name="createAccount" duration-ms="9525" started-at="2021-04-20T17:36:54 IST" finished-at="2021-04-20T17:37:03 IST">
          <reporter-output>
            <line>
              <![CDATA[Please fill all the details to create account..]]>
            </line>
          </reporter-output>
        </test-method> <!-- createAccount -->
      </class> <!-- com.opencart.tests.NegativeAccountTest -->
    </test> <!-- Default test -->
  </suite> <!-- Default suite -->
</testng-results>
